<?xml version="1.0" encoding="UTF-8"?>
<!-- Generated by org.testng.reporters.JUnitXMLReporter -->
<testsuite ignored="0" hostname="DESKTOP-KMA5719" failures="0" tests="12" name="Surefire test" time="48.843" errors="0" timestamp="2025-05-23T15:35:39 IST">
  <testcase classname="com.STL_TestCases.LoginTest" name="loginWithValidCredential" time="1.264"/>
  <testcase classname="com.STL_TestCases.LoginTest" name="loginWithValidCredential" time="1.345"/>
  <testcase classname="com.STL_TestCases.LoginTest" name="loginWithValidCredential" time="1.5"/>
  <testcase classname="com.STL_TestCases.LoginTest" name="loginWithValidCredential" time="1.152"/>
  <testcase classname="com.STL_TestCases.LoginTest" name="loginWithInvalidCredential" time="1.396"/>
  <testcase classname="com.STL_TestCases.RegisterTest" name="verifyRegisteringWithMandatoryFields" time="1.773"/>
  <testcase classname="com.STL_TestCases.RegisterTest" name="verifyRegisteringWithAllFields" time="1.491"/>
  <testcase classname="com.STL_TestCases.RegisterTest" name="verifyResisteringWithExistingEmail" time="1.007"/>
  <testcase classname="com.STL_TestCases.RegisterTest" name="verifyRegisteringAccountWithoutFillingAnyDetails" time="0.561"/>
  <testcase classname="com.STL_TestCases.SearchTest" name="verifySearchWithValidProduct" time="0.603"/>
  <testcase classname="com.STL_TestCases.SearchTest" name="verifySearchWithInvalidProduct" time="0.536"/>
  <testcase classname="com.STL_TestCases.SearchTest" name="verifySearchWithoutAnyProduct" time="0.289"/>
</testsuite> <!-- Surefire test -->
