<?xml version="1.0" encoding="UTF-8"?>
<!-- Generated by org.testng.reporters.JUnitXMLReporter -->
<testsuite ignored="2" hostname="DESKTOP-OOAU8FM" failures="0" tests="3" name="Test" time="89.908" errors="0" timestamp="2025-07-29T11:45:15 IST">
  <testcase classname="com.STL_TestCases.CreateCRCCTest" name="createCrcc" time="69.801"/>
  <testcase classname="com.STL_TestCases.NavigateToCRCCListTest" name="navigateToCRCCListPage" time="2.212"/>
  <testcase classname="com.STL_TestCases.LoginTest" name="verifyLogin" time="1.768"/>
  <testcase classname="com.STL.Base.SuiteSetup" name="@BeforeSuite initializeExtent" time="0.0">
    <ignored/>
  </testcase> <!-- @BeforeSuite initializeExtent -->
  <testcase classname="com.STL.Base.SuiteSetup" name="@BeforeSuite initializeExtent" time="0.0">
    <ignored/>
  </testcase> <!-- @BeforeSuite initializeExtent -->
</testsuite> <!-- Test -->
