<?xml version="1.0" encoding="UTF-8"?>
<!-- Generated by org.testng.reporters.JUnitXMLReporter -->
<testsuite ignored="3" hostname="DESKTOP-KMA5719" failures="1" tests="3" name="Test" time="99.904" errors="0" timestamp="2025-07-18T11:17:04 IST">
  <testcase classname="com.STL_TestCases.LoginTest" name="verifyLogin" time="0.929"/>
  <testcase classname="com.STL_TestCases.NavigateToCRCCListTest" name="navigateToCRCCListPage" time="4.018"/>
  <testcase classname="com.STL_TestCases.CreateCRCCTest" name="createCrcc" time="66.526">
    <failure type="org.openqa.selenium.ElementClickInterceptedException" message="element click intercepted: Element &amp;lt;div class=&amp;quot;ng-select-container&amp;quot;&amp;gt;...&amp;lt;/div&amp;gt; is not clickable at point (257, 292). Other element would receive the click: &amp;lt;div _ngcontent-ng-c2720958613=&amp;quot;&amp;quot; class=&amp;quot;ngx-spinner-overlay ng-tns-c2720958613-0 ng-trigger ng-trigger-fadeIn ng-star-inserted ng-animating&amp;quot; style=&amp;quot;background-color: rgba(51, 51, 51, 0.8); z-index: 99999; position: fixed;&amp;quot;&amp;gt;...&amp;lt;/div&amp;gt;
  (Session info: chrome=138.0.7204.97)
Build info: version: &amp;apos;4.27.0&amp;apos;, revision: &amp;apos;d6e718d134&amp;apos;
System info: os.name: &amp;apos;Windows 11&amp;apos;, os.arch: &amp;apos;amd64&amp;apos;, os.version: &amp;apos;10.0&amp;apos;, java.version: &amp;apos;22.0.1&amp;apos;
Driver info: org.openqa.selenium.chrome.ChromeDriver
Command: [4e38ce0cea97c90f39d6292f60d4627e, clickElement {id=f.0248E1609839721F835E63041AEF3985.d.5E1DAA6A859B51B1A82DDABEFD422CCC.e.154}]
Capabilities {acceptInsecureCerts: false, browserName: chrome, browserVersion: 138.0.7204.97, chrome: {chromedriverVersion: 138.0.7204.157 (e533e98b126..., userDataDir: C:\Users\narah\AppData\Loca...}, fedcm:accounts: true, goog:chromeOptions: {debuggerAddress: localhost:62412}, networkConnectionEnabled: false, pageLoadStrategy: normal, platformName: windows, proxy: Proxy(), se:cdp: ws://localhost:62412/devtoo..., se:cdpVersion: 138.0.7204.97, setWindowRect: true, strictFileInteractability: false, timeouts: {implicit: 0, pageLoad: 300000, script: 30000}, unhandledPromptBehavior: dismiss and notify, webauthn:extension:credBlob: true, webauthn:extension:largeBlob: true, webauthn:extension:minPinLength: true, webauthn:extension:prf: true, webauthn:virtualAuthenticators: true}
Element: [[ChromeDriver: chrome on windows (4e38ce0cea97c90f39d6292f60d4627e)] -&amp;gt; xpath: //span[@class=&amp;apos;ng-arrow-wrapper&amp;apos;]/..]
Session ID: 4e38ce0cea97c90f39d6292f60d4627e">
      <![CDATA[org.openqa.selenium.ElementClickInterceptedException: element click intercepted: Element <div class="ng-select-container">...</div> is not clickable at point (257, 292). Other element would receive the click: <div _ngcontent-ng-c2720958613="" class="ngx-spinner-overlay ng-tns-c2720958613-0 ng-trigger ng-trigger-fadeIn ng-star-inserted ng-animating" style="background-color: rgba(51, 51, 51, 0.8); z-index: 99999; position: fixed;">...</div>
  (Session info: chrome=138.0.7204.97)
Build info: version: '4.27.0', revision: 'd6e718d134'
System info: os.name: 'Windows 11', os.arch: 'amd64', os.version: '10.0', java.version: '22.0.1'
Driver info: org.openqa.selenium.chrome.ChromeDriver
Command: [4e38ce0cea97c90f39d6292f60d4627e, clickElement {id=f.0248E1609839721F835E63041AEF3985.d.5E1DAA6A859B51B1A82DDABEFD422CCC.e.154}]
Capabilities {acceptInsecureCerts: false, browserName: chrome, browserVersion: 138.0.7204.97, chrome: {chromedriverVersion: 138.0.7204.157 (e533e98b126..., userDataDir: C:\Users\narah\AppData\Loca...}, fedcm:accounts: true, goog:chromeOptions: {debuggerAddress: localhost:62412}, networkConnectionEnabled: false, pageLoadStrategy: normal, platformName: windows, proxy: Proxy(), se:cdp: ws://localhost:62412/devtoo..., se:cdpVersion: 138.0.7204.97, setWindowRect: true, strictFileInteractability: false, timeouts: {implicit: 0, pageLoad: 300000, script: 30000}, unhandledPromptBehavior: dismiss and notify, webauthn:extension:credBlob: true, webauthn:extension:largeBlob: true, webauthn:extension:minPinLength: true, webauthn:extension:prf: true, webauthn:virtualAuthenticators: true}
Element: [[ChromeDriver: chrome on windows (4e38ce0cea97c90f39d6292f60d4627e)] -> xpath: //span[@class='ng-arrow-wrapper']/..]
Session ID: 4e38ce0cea97c90f39d6292f60d4627e
at org.openqa.selenium.remote.ErrorCodec.decode(ErrorCodec.java:167)
at org.openqa.selenium.remote.codec.w3c.W3CHttpResponseCodec.decode(W3CHttpResponseCodec.java:138)
at org.openqa.selenium.remote.codec.w3c.W3CHttpResponseCodec.decode(W3CHttpResponseCodec.java:50)
at org.openqa.selenium.remote.HttpCommandExecutor.execute(HttpCommandExecutor.java:190)
at org.openqa.selenium.remote.service.DriverCommandExecutor.invokeExecute(DriverCommandExecutor.java:216)
at org.openqa.selenium.remote.service.DriverCommandExecutor.execute(DriverCommandExecutor.java:174)
at org.openqa.selenium.remote.RemoteWebDriver.execute(RemoteWebDriver.java:545)
at org.openqa.selenium.remote.RemoteWebElement.execute(RemoteWebElement.java:223)
at org.openqa.selenium.remote.RemoteWebElement.click(RemoteWebElement.java:76)
at org.openqa.selenium.support.pagefactory.internal.LocatingElementHandler.invoke(LocatingElementHandler.java:51)
at jdk.proxy2/jdk.proxy2.$Proxy15.click(Unknown Source)
at com.STL.Base.Base.click(Base.java:32)
at com.STL.Pages.CreateCRCCPage.enterSchoolNameDD(CreateCRCCPage.java:50)
at com.STL.Feature.CreateCRCCFeature.createCRCC(CreateCRCCFeature.java:23)
at com.STL_TestCases.CreateCRCCTest.createCrcc(CreateCRCCTest.java:19)
at java.base/java.util.ArrayList.forEach(ArrayList.java:1597)
... Removed 30 stack frames]]>
    </failure>
  </testcase> <!-- createCrcc -->
  <testcase classname="com.STL.Base.SuiteSetup" name="@BeforeSuite initializeExtent" time="0.0">
    <ignored/>
  </testcase> <!-- @BeforeSuite initializeExtent -->
  <testcase classname="com.STL.Base.SuiteSetup" name="@BeforeSuite initializeExtent" time="0.0">
    <ignored/>
  </testcase> <!-- @BeforeSuite initializeExtent -->
  <testcase classname="com.STL.Base.SuiteSetup" name="@BeforeSuite initializeExtent" time="0.0">
    <ignored/>
  </testcase> <!-- @BeforeSuite initializeExtent -->
</testsuite> <!-- Test -->
