<?xml version="1.0" encoding="UTF-8"?>
<!-- Generated by org.testng.reporters.JUnitXMLReporter -->
<testsuite ignored="0" hostname="DESKTOP-OOAU8FM" failures="1" tests="2" name="Regression Test" time="50.962" errors="0" timestamp="2025-07-31T14:46:26 IST">
  <testcase classname="com.STL_TestCases.CreateCRCCTest" name="createCrcc" time="39.719"/>
  <testcase classname="com.STL_TestCases.NavigateToCRCCListTest" name="navigateToCRCCListPage" time="1.985">
    <failure type="java.lang.AssertionError" message="CRCC List Page Validation Unsuccessful expected [CRCC Lis] but found [CRCC List]">
      <![CDATA[java.lang.AssertionError: CRCC List Page Validation Unsuccessful expected [CRCC Lis] but found [CRCC List]
at com.STL_TestCases.NavigateToCRCCListTest.navigateToCRCCListPage(NavigateToCRCCListTest.java:20)
at java.base/java.util.ArrayList.forEach(ArrayList.java:1596)
... Removed 30 stack frames]]>
    </failure>
  </testcase> <!-- navigateToCRCCListPage -->
</testsuite> <!-- Regression Test -->
