<?xml version="1.0" encoding="UTF-8"?>
<testng-results ignored="0" total="12" passed="12" failed="0" skipped="0">
  <reporter-output>
  </reporter-output>
  <suite started-at="2025-05-23T18:13:11 IST" name="STL Automation Suite" finished-at="2025-05-23T18:14:04 IST" duration-ms="53194">
    <groups>
    </groups>
    <test started-at="2025-05-23T18:13:11 IST" name="STL Tests" finished-at="2025-05-23T18:14:04 IST" duration-ms="53194">
      <class name="com.STL_TestCases.RegisterTest">
        <test-method is-config="true" signature="setUp()[pri:0, instance:com.STL_TestCases.RegisterTest@1ca3b418]" started-at="2025-05-23T18:13:11 IST" name="setUp" finished-at="2025-05-23T18:13:16 IST" duration-ms="4364" status="PASS">
          <reporter-output>
          </reporter-output>
        </test-method> <!-- setUp -->
        <test-method signature="verifyRegisteringWithMandatoryFields()[pri:1, instance:com.STL_TestCases.RegisterTest@1ca3b418]" started-at="2025-05-23T18:13:16 IST" name="verifyRegisteringWithMandatoryFields" finished-at="2025-05-23T18:13:18 IST" duration-ms="1820" status="PASS">
          <reporter-output>
          </reporter-output>
        </test-method> <!-- verifyRegisteringWithMandatoryFields -->
        <test-method is-config="true" signature="tearDown()[pri:0, instance:com.STL_TestCases.RegisterTest@1ca3b418]" started-at="2025-05-23T18:13:18 IST" name="tearDown" finished-at="2025-05-23T18:13:18 IST" duration-ms="232" status="PASS">
          <reporter-output>
          </reporter-output>
        </test-method> <!-- tearDown -->
        <test-method is-config="true" signature="setUp()[pri:0, instance:com.STL_TestCases.RegisterTest@1ca3b418]" started-at="2025-05-23T18:13:18 IST" name="setUp" finished-at="2025-05-23T18:13:21 IST" duration-ms="3061" status="PASS">
          <reporter-output>
          </reporter-output>
        </test-method> <!-- setUp -->
        <test-method signature="verifyRegisteringWithAllFields()[pri:2, instance:com.STL_TestCases.RegisterTest@1ca3b418]" started-at="2025-05-23T18:13:21 IST" name="verifyRegisteringWithAllFields" finished-at="2025-05-23T18:13:23 IST" duration-ms="1738" status="PASS">
          <reporter-output>
          </reporter-output>
        </test-method> <!-- verifyRegisteringWithAllFields -->
        <test-method is-config="true" signature="tearDown()[pri:0, instance:com.STL_TestCases.RegisterTest@1ca3b418]" started-at="2025-05-23T18:13:23 IST" name="tearDown" finished-at="2025-05-23T18:13:23 IST" duration-ms="250" status="PASS">
          <reporter-output>
          </reporter-output>
        </test-method> <!-- tearDown -->
        <test-method is-config="true" signature="setUp()[pri:0, instance:com.STL_TestCases.RegisterTest@1ca3b418]" started-at="2025-05-23T18:13:23 IST" name="setUp" finished-at="2025-05-23T18:13:26 IST" duration-ms="2907" status="PASS">
          <reporter-output>
          </reporter-output>
        </test-method> <!-- setUp -->
        <test-method signature="verifyResisteringWithExistingEmail()[pri:3, instance:com.STL_TestCases.RegisterTest@1ca3b418]" started-at="2025-05-23T18:13:26 IST" name="verifyResisteringWithExistingEmail" finished-at="2025-05-23T18:13:27 IST" duration-ms="1192" status="PASS">
          <reporter-output>
          </reporter-output>
        </test-method> <!-- verifyResisteringWithExistingEmail -->
        <test-method is-config="true" signature="tearDown()[pri:0, instance:com.STL_TestCases.RegisterTest@1ca3b418]" started-at="2025-05-23T18:13:27 IST" name="tearDown" finished-at="2025-05-23T18:13:27 IST" duration-ms="208" status="PASS">
          <reporter-output>
          </reporter-output>
        </test-method> <!-- tearDown -->
        <test-method is-config="true" signature="setUp()[pri:0, instance:com.STL_TestCases.RegisterTest@1ca3b418]" started-at="2025-05-23T18:13:27 IST" name="setUp" finished-at="2025-05-23T18:13:30 IST" duration-ms="2835" status="PASS">
          <reporter-output>
          </reporter-output>
        </test-method> <!-- setUp -->
        <test-method signature="verifyRegisteringAccountWithoutFillingAnyDetails()[pri:4, instance:com.STL_TestCases.RegisterTest@1ca3b418]" started-at="2025-05-23T18:13:30 IST" name="verifyRegisteringAccountWithoutFillingAnyDetails" finished-at="2025-05-23T18:13:31 IST" duration-ms="796" status="PASS">
          <reporter-output>
          </reporter-output>
        </test-method> <!-- verifyRegisteringAccountWithoutFillingAnyDetails -->
        <test-method is-config="true" signature="tearDown()[pri:0, instance:com.STL_TestCases.RegisterTest@1ca3b418]" started-at="2025-05-23T18:13:31 IST" name="tearDown" finished-at="2025-05-23T18:13:31 IST" duration-ms="248" status="PASS">
          <reporter-output>
          </reporter-output>
        </test-method> <!-- tearDown -->
      </class> <!-- com.STL_TestCases.RegisterTest -->
      <class name="com.STL_TestCases.LoginTest">
        <test-method is-config="true" signature="setUp()[pri:0, instance:com.STL_TestCases.LoginTest@cecf639]" started-at="2025-05-23T18:13:32 IST" name="setUp" finished-at="2025-05-23T18:13:35 IST" duration-ms="2820" status="PASS">
          <reporter-output>
          </reporter-output>
        </test-method> <!-- setUp -->
        <test-method signature="loginWithValidCredential(java.lang.String,java.lang.String)[pri:1, instance:com.STL_TestCases.LoginTest@cecf639]" started-at="2025-05-23T18:13:35 IST" name="loginWithValidCredential" data-provider="validCredentialSupplier" finished-at="2025-05-23T18:13:36 IST" duration-ms="1268" status="PASS">
          <params>
            <param index="0">
              <value>
                <![CDATA[bikash45@gmail.com]]>
              </value>
            </param>
            <param index="1">
              <value>
                <![CDATA[Happy@123]]>
              </value>
            </param>
          </params>
          <reporter-output>
          </reporter-output>
        </test-method> <!-- loginWithValidCredential -->
        <test-method is-config="true" signature="tearDown()[pri:0, instance:com.STL_TestCases.LoginTest@cecf639]" started-at="2025-05-23T18:13:36 IST" name="tearDown" finished-at="2025-05-23T18:13:37 IST" duration-ms="222" status="PASS">
          <reporter-output>
          </reporter-output>
        </test-method> <!-- tearDown -->
        <test-method is-config="true" signature="setUp()[pri:0, instance:com.STL_TestCases.LoginTest@cecf639]" started-at="2025-05-23T18:13:37 IST" name="setUp" finished-at="2025-05-23T18:13:40 IST" duration-ms="3160" status="PASS">
          <reporter-output>
          </reporter-output>
        </test-method> <!-- setUp -->
        <test-method signature="loginWithValidCredential(java.lang.String,java.lang.String)[pri:1, instance:com.STL_TestCases.LoginTest@cecf639]" started-at="2025-05-23T18:13:40 IST" name="loginWithValidCredential" data-provider="validCredentialSupplier" finished-at="2025-05-23T18:13:41 IST" duration-ms="1597" status="PASS">
          <params>
            <param index="0">
              <value>
                <![CDATA[7504586376.s@gmail.com]]>
              </value>
            </param>
            <param index="1">
              <value>
                <![CDATA[Happy@123]]>
              </value>
            </param>
          </params>
          <reporter-output>
          </reporter-output>
        </test-method> <!-- loginWithValidCredential -->
        <test-method is-config="true" signature="tearDown()[pri:0, instance:com.STL_TestCases.LoginTest@cecf639]" started-at="2025-05-23T18:13:41 IST" name="tearDown" finished-at="2025-05-23T18:13:42 IST" duration-ms="218" status="PASS">
          <reporter-output>
          </reporter-output>
        </test-method> <!-- tearDown -->
        <test-method is-config="true" signature="setUp()[pri:0, instance:com.STL_TestCases.LoginTest@cecf639]" started-at="2025-05-23T18:13:42 IST" name="setUp" finished-at="2025-05-23T18:13:45 IST" duration-ms="2948" status="PASS">
          <reporter-output>
          </reporter-output>
        </test-method> <!-- setUp -->
        <test-method signature="loginWithValidCredential(java.lang.String,java.lang.String)[pri:1, instance:com.STL_TestCases.LoginTest@cecf639]" started-at="2025-05-23T18:13:45 IST" name="loginWithValidCredential" data-provider="validCredentialSupplier" finished-at="2025-05-23T18:13:46 IST" duration-ms="1263" status="PASS">
          <params>
            <param index="0">
              <value>
                <![CDATA[chicku@gmail.com]]>
              </value>
            </param>
            <param index="1">
              <value>
                <![CDATA[Happy@123]]>
              </value>
            </param>
          </params>
          <reporter-output>
          </reporter-output>
        </test-method> <!-- loginWithValidCredential -->
        <test-method is-config="true" signature="tearDown()[pri:0, instance:com.STL_TestCases.LoginTest@cecf639]" started-at="2025-05-23T18:13:46 IST" name="tearDown" finished-at="2025-05-23T18:13:46 IST" duration-ms="240" status="PASS">
          <reporter-output>
          </reporter-output>
        </test-method> <!-- tearDown -->
        <test-method is-config="true" signature="setUp()[pri:0, instance:com.STL_TestCases.LoginTest@cecf639]" started-at="2025-05-23T18:13:46 IST" name="setUp" finished-at="2025-05-23T18:13:49 IST" duration-ms="2897" status="PASS">
          <reporter-output>
          </reporter-output>
        </test-method> <!-- setUp -->
        <test-method signature="loginWithValidCredential(java.lang.String,java.lang.String)[pri:1, instance:com.STL_TestCases.LoginTest@cecf639]" started-at="2025-05-23T18:13:49 IST" name="loginWithValidCredential" data-provider="validCredentialSupplier" finished-at="2025-05-23T18:13:50 IST" duration-ms="1317" status="PASS">
          <params>
            <param index="0">
              <value>
                <![CDATA[rohit4545@gmail.com]]>
              </value>
            </param>
            <param index="1">
              <value>
                <![CDATA[Happy@123]]>
              </value>
            </param>
          </params>
          <reporter-output>
          </reporter-output>
        </test-method> <!-- loginWithValidCredential -->
        <test-method is-config="true" signature="tearDown()[pri:0, instance:com.STL_TestCases.LoginTest@cecf639]" started-at="2025-05-23T18:13:50 IST" name="tearDown" finished-at="2025-05-23T18:13:51 IST" duration-ms="215" status="PASS">
          <reporter-output>
          </reporter-output>
        </test-method> <!-- tearDown -->
        <test-method is-config="true" signature="setUp()[pri:0, instance:com.STL_TestCases.LoginTest@cecf639]" started-at="2025-05-23T18:13:51 IST" name="setUp" finished-at="2025-05-23T18:13:54 IST" duration-ms="3100" status="PASS">
          <reporter-output>
          </reporter-output>
        </test-method> <!-- setUp -->
        <test-method signature="loginWithInvalidCredential()[pri:2, instance:com.STL_TestCases.LoginTest@cecf639]" started-at="2025-05-23T18:13:54 IST" name="loginWithInvalidCredential" finished-at="2025-05-23T18:13:55 IST" duration-ms="1035" status="PASS">
          <reporter-output>
          </reporter-output>
        </test-method> <!-- loginWithInvalidCredential -->
        <test-method is-config="true" signature="tearDown()[pri:0, instance:com.STL_TestCases.LoginTest@cecf639]" started-at="2025-05-23T18:13:55 IST" name="tearDown" finished-at="2025-05-23T18:13:55 IST" duration-ms="280" status="PASS">
          <reporter-output>
          </reporter-output>
        </test-method> <!-- tearDown -->
      </class> <!-- com.STL_TestCases.LoginTest -->
      <class name="com.STL_TestCases.SearchTest">
        <test-method is-config="true" signature="setUp()[pri:0, instance:com.STL_TestCases.SearchTest@1caa0244]" started-at="2025-05-23T18:13:55 IST" name="setUp" finished-at="2025-05-23T18:13:57 IST" duration-ms="2351" status="PASS">
          <reporter-output>
          </reporter-output>
        </test-method> <!-- setUp -->
        <test-method signature="verifySearchWithValidProduct()[pri:1, instance:com.STL_TestCases.SearchTest@1caa0244]" started-at="2025-05-23T18:13:57 IST" name="verifySearchWithValidProduct" finished-at="2025-05-23T18:13:58 IST" duration-ms="588" status="PASS">
          <reporter-output>
          </reporter-output>
        </test-method> <!-- verifySearchWithValidProduct -->
        <test-method is-config="true" signature="tearDown()[pri:0, instance:com.STL_TestCases.SearchTest@1caa0244]" started-at="2025-05-23T18:13:58 IST" name="tearDown" finished-at="2025-05-23T18:13:58 IST" duration-ms="228" status="PASS">
          <reporter-output>
          </reporter-output>
        </test-method> <!-- tearDown -->
        <test-method is-config="true" signature="setUp()[pri:0, instance:com.STL_TestCases.SearchTest@1caa0244]" started-at="2025-05-23T18:13:58 IST" name="setUp" finished-at="2025-05-23T18:14:01 IST" duration-ms="2434" status="PASS">
          <reporter-output>
          </reporter-output>
        </test-method> <!-- setUp -->
        <test-method signature="verifySearchWithInvalidProduct()[pri:2, instance:com.STL_TestCases.SearchTest@1caa0244]" started-at="2025-05-23T18:14:01 IST" name="verifySearchWithInvalidProduct" finished-at="2025-05-23T18:14:01 IST" duration-ms="478" status="PASS">
          <reporter-output>
          </reporter-output>
        </test-method> <!-- verifySearchWithInvalidProduct -->
        <test-method is-config="true" signature="tearDown()[pri:0, instance:com.STL_TestCases.SearchTest@1caa0244]" started-at="2025-05-23T18:14:01 IST" name="tearDown" finished-at="2025-05-23T18:14:01 IST" duration-ms="214" status="PASS">
          <reporter-output>
          </reporter-output>
        </test-method> <!-- tearDown -->
        <test-method is-config="true" signature="setUp()[pri:0, instance:com.STL_TestCases.SearchTest@1caa0244]" started-at="2025-05-23T18:14:01 IST" name="setUp" finished-at="2025-05-23T18:14:04 IST" duration-ms="2414" status="PASS">
          <reporter-output>
          </reporter-output>
        </test-method> <!-- setUp -->
        <test-method signature="verifySearchWithoutAnyProduct()[pri:3, instance:com.STL_TestCases.SearchTest@1caa0244]" started-at="2025-05-23T18:14:04 IST" name="verifySearchWithoutAnyProduct" finished-at="2025-05-23T18:14:04 IST" duration-ms="441" status="PASS">
          <reporter-output>
          </reporter-output>
        </test-method> <!-- verifySearchWithoutAnyProduct -->
        <test-method is-config="true" signature="tearDown()[pri:0, instance:com.STL_TestCases.SearchTest@1caa0244]" started-at="2025-05-23T18:14:04 IST" name="tearDown" finished-at="2025-05-23T18:14:04 IST" duration-ms="214" status="PASS">
          <reporter-output>
          </reporter-output>
        </test-method> <!-- tearDown -->
      </class> <!-- com.STL_TestCases.SearchTest -->
    </test> <!-- STL Tests -->
  </suite> <!-- STL Automation Suite -->
</testng-results>
