<?xml version="1.0" encoding="UTF-8"?>
<testng-results ignored="0" total="1" passed="1" failed="0" skipped="0">
  <reporter-output>
  </reporter-output>
  <suite started-at="2025-07-31T15:03:13 IST" name="Smoke Suite" finished-at="2025-07-31T15:03:19 IST" duration-ms="5816">
    <groups>
    </groups>
    <test started-at="2025-07-31T15:03:13 IST" name="Smoke Test" finished-at="2025-07-31T15:03:19 IST" duration-ms="5816">
      <class name="com.STL_TestCases.LoginTest">
        <test-method is-config="true" signature="setup(java.lang.reflect.Method)[pri:0, instance:com.STL_TestCases.LoginTest@7e6f74c]" started-at="2025-07-31T15:03:13 IST" name="setup" finished-at="2025-07-31T15:03:17 IST" duration-ms="4582" status="PASS">
          <params>
            <param index="0">
              <value>
                <![CDATA[public void com.STL_TestCases.LoginTest.verifyLogin()]]>
              </value>
            </param>
          </params>
          <reporter-output>
          </reporter-output>
        </test-method> <!-- setup -->
        <test-method signature="verifyLogin()[pri:0, instance:com.STL_TestCases.LoginTest@7e6f74c]" started-at="2025-07-31T15:03:17 IST" name="verifyLogin" finished-at="2025-07-31T15:03:18 IST" duration-ms="929" status="PASS">
          <reporter-output>
          </reporter-output>
        </test-method> <!-- verifyLogin -->
        <test-method is-config="true" signature="teardown(org.testng.ITestResult)[pri:0, instance:com.STL_TestCases.LoginTest@7e6f74c]" started-at="2025-07-31T15:03:18 IST" name="teardown" finished-at="2025-07-31T15:03:19 IST" duration-ms="257" status="PASS">
          <params>
            <param index="0">
              <value>
                <![CDATA[[TestResult name=verifyLogin status=SUCCESS method=LoginTest.verifyLogin()[pri:0, instance:com.STL_TestCases.LoginTest@7e6f74c] output={null}]]]>
              </value>
            </param>
          </params>
          <reporter-output>
          </reporter-output>
        </test-method> <!-- teardown -->
      </class> <!-- com.STL_TestCases.LoginTest -->
    </test> <!-- Smoke Test -->
  </suite> <!-- Smoke Suite -->
</testng-results>
