<?xml version="1.0" encoding="UTF-8"?>
<testng-results ignored="3" total="6" passed="2" failed="1" skipped="0">
  <reporter-output>
  </reporter-output>
  <suite started-at="2025-07-18T11:15:24 IST" name="Suite" finished-at="2025-07-18T11:17:04 IST" duration-ms="99904">
    <groups>
    </groups>
    <test started-at="2025-07-18T11:15:24 IST" name="Test" finished-at="2025-07-18T11:17:04 IST" duration-ms="99904">
      <class name="com.STL.Base.SuiteSetup">
        <test-method is-config="true" signature="initializeExtent()[pri:0, instance:com.STL.Base.SuiteSetup@1ed4ae0f]" started-at="2025-07-18T11:15:23 IST" name="initializeExtent" finished-at="2025-07-18T11:15:24 IST" duration-ms="325" status="PASS">
          <reporter-output>
          </reporter-output>
        </test-method> <!-- initializeExtent -->
      </class> <!-- com.STL.Base.SuiteSetup -->
      <class name="com.STL_TestCases.CreateCRCCTest">
        <test-method is-config="true" signature="setup(java.lang.reflect.Method)[pri:0, instance:com.STL_TestCases.CreateCRCCTest@69e153c5]" started-at="2025-07-18T11:15:49 IST" name="setup" finished-at="2025-07-18T11:15:53 IST" duration-ms="4006" status="PASS">
          <params>
            <param index="0">
              <value>
                <![CDATA[public void com.STL_TestCases.CreateCRCCTest.createCrcc()]]>
              </value>
            </param>
          </params>
          <reporter-output>
          </reporter-output>
        </test-method> <!-- setup -->
        <test-method signature="createCrcc()[pri:0, instance:com.STL_TestCases.CreateCRCCTest@69e153c5]" started-at="2025-07-18T11:15:53 IST" name="createCrcc" finished-at="2025-07-18T11:17:00 IST" duration-ms="66526" status="FAIL">
          <exception class="org.openqa.selenium.ElementClickInterceptedException">
            <message>
              <![CDATA[element click intercepted: Element <div class="ng-select-container">...</div> is not clickable at point (257, 292). Other element would receive the click: <div _ngcontent-ng-c2720958613="" class="ngx-spinner-overlay ng-tns-c2720958613-0 ng-trigger ng-trigger-fadeIn ng-star-inserted ng-animating" style="background-color: rgba(51, 51, 51, 0.8); z-index: 99999; position: fixed;">...</div>
  (Session info: chrome=138.0.7204.97)
Build info: version: '4.27.0', revision: 'd6e718d134'
System info: os.name: 'Windows 11', os.arch: 'amd64', os.version: '10.0', java.version: '22.0.1'
Driver info: org.openqa.selenium.chrome.ChromeDriver
Command: [4e38ce0cea97c90f39d6292f60d4627e, clickElement {id=f.0248E1609839721F835E63041AEF3985.d.5E1DAA6A859B51B1A82DDABEFD422CCC.e.154}]
Capabilities {acceptInsecureCerts: false, browserName: chrome, browserVersion: 138.0.7204.97, chrome: {chromedriverVersion: 138.0.7204.157 (e533e98b126..., userDataDir: C:\Users\narah\AppData\Loca...}, fedcm:accounts: true, goog:chromeOptions: {debuggerAddress: localhost:62412}, networkConnectionEnabled: false, pageLoadStrategy: normal, platformName: windows, proxy: Proxy(), se:cdp: ws://localhost:62412/devtoo..., se:cdpVersion: 138.0.7204.97, setWindowRect: true, strictFileInteractability: false, timeouts: {implicit: 0, pageLoad: 300000, script: 30000}, unhandledPromptBehavior: dismiss and notify, webauthn:extension:credBlob: true, webauthn:extension:largeBlob: true, webauthn:extension:minPinLength: true, webauthn:extension:prf: true, webauthn:virtualAuthenticators: true}
Element: [[ChromeDriver: chrome on windows (4e38ce0cea97c90f39d6292f60d4627e)] -> xpath: //span[@class='ng-arrow-wrapper']/..]
Session ID: 4e38ce0cea97c90f39d6292f60d4627e]]>
            </message>
            <full-stacktrace>
              <![CDATA[org.openqa.selenium.ElementClickInterceptedException: element click intercepted: Element <div class="ng-select-container">...</div> is not clickable at point (257, 292). Other element would receive the click: <div _ngcontent-ng-c2720958613="" class="ngx-spinner-overlay ng-tns-c2720958613-0 ng-trigger ng-trigger-fadeIn ng-star-inserted ng-animating" style="background-color: rgba(51, 51, 51, 0.8); z-index: 99999; position: fixed;">...</div>
  (Session info: chrome=138.0.7204.97)
Build info: version: '4.27.0', revision: 'd6e718d134'
System info: os.name: 'Windows 11', os.arch: 'amd64', os.version: '10.0', java.version: '22.0.1'
Driver info: org.openqa.selenium.chrome.ChromeDriver
Command: [4e38ce0cea97c90f39d6292f60d4627e, clickElement {id=f.0248E1609839721F835E63041AEF3985.d.5E1DAA6A859B51B1A82DDABEFD422CCC.e.154}]
Capabilities {acceptInsecureCerts: false, browserName: chrome, browserVersion: 138.0.7204.97, chrome: {chromedriverVersion: 138.0.7204.157 (e533e98b126..., userDataDir: C:\Users\narah\AppData\Loca...}, fedcm:accounts: true, goog:chromeOptions: {debuggerAddress: localhost:62412}, networkConnectionEnabled: false, pageLoadStrategy: normal, platformName: windows, proxy: Proxy(), se:cdp: ws://localhost:62412/devtoo..., se:cdpVersion: 138.0.7204.97, setWindowRect: true, strictFileInteractability: false, timeouts: {implicit: 0, pageLoad: 300000, script: 30000}, unhandledPromptBehavior: dismiss and notify, webauthn:extension:credBlob: true, webauthn:extension:largeBlob: true, webauthn:extension:minPinLength: true, webauthn:extension:prf: true, webauthn:virtualAuthenticators: true}
Element: [[ChromeDriver: chrome on windows (4e38ce0cea97c90f39d6292f60d4627e)] -> xpath: //span[@class='ng-arrow-wrapper']/..]
Session ID: 4e38ce0cea97c90f39d6292f60d4627e
at java.base/jdk.internal.reflect.DirectConstructorHandleAccessor.newInstance(DirectConstructorHandleAccessor.java:62)
at java.base/java.lang.reflect.Constructor.newInstanceWithCaller(Constructor.java:502)
at java.base/java.lang.reflect.Constructor.newInstance(Constructor.java:486)
at org.openqa.selenium.remote.ErrorCodec.decode(ErrorCodec.java:167)
at org.openqa.selenium.remote.codec.w3c.W3CHttpResponseCodec.decode(W3CHttpResponseCodec.java:138)
at org.openqa.selenium.remote.codec.w3c.W3CHttpResponseCodec.decode(W3CHttpResponseCodec.java:50)
at org.openqa.selenium.remote.HttpCommandExecutor.execute(HttpCommandExecutor.java:190)
at org.openqa.selenium.remote.service.DriverCommandExecutor.invokeExecute(DriverCommandExecutor.java:216)
at org.openqa.selenium.remote.service.DriverCommandExecutor.execute(DriverCommandExecutor.java:174)
at org.openqa.selenium.remote.RemoteWebDriver.execute(RemoteWebDriver.java:545)
at org.openqa.selenium.remote.RemoteWebElement.execute(RemoteWebElement.java:223)
at org.openqa.selenium.remote.RemoteWebElement.click(RemoteWebElement.java:76)
at java.base/jdk.internal.reflect.DirectMethodHandleAccessor.invoke(DirectMethodHandleAccessor.java:103)
at java.base/java.lang.reflect.Method.invoke(Method.java:580)
at org.openqa.selenium.support.pagefactory.internal.LocatingElementHandler.invoke(LocatingElementHandler.java:51)
at jdk.proxy2/jdk.proxy2.$Proxy15.click(Unknown Source)
at com.STL.Base.Base.click(Base.java:32)
at com.STL.Pages.CreateCRCCPage.enterSchoolNameDD(CreateCRCCPage.java:50)
at com.STL.Feature.CreateCRCCFeature.createCRCC(CreateCRCCFeature.java:23)
at com.STL_TestCases.CreateCRCCTest.createCrcc(CreateCRCCTest.java:19)
at java.base/jdk.internal.reflect.DirectMethodHandleAccessor.invoke(DirectMethodHandleAccessor.java:103)
at java.base/java.lang.reflect.Method.invoke(Method.java:580)
at org.testng.internal.MethodInvocationHelper.invokeMethod(MethodInvocationHelper.java:133)
at org.testng.internal.TestInvoker.invokeMethod(TestInvoker.java:598)
at org.testng.internal.TestInvoker.invokeTestMethod(TestInvoker.java:173)
at org.testng.internal.MethodRunner.runInSequence(MethodRunner.java:46)
at org.testng.internal.TestInvoker$MethodInvocationAgent.invoke(TestInvoker.java:824)
at org.testng.internal.TestInvoker.invokeTestMethods(TestInvoker.java:146)
at org.testng.internal.TestMethodWorker.invokeTestMethods(TestMethodWorker.java:146)
at org.testng.internal.TestMethodWorker.run(TestMethodWorker.java:128)
at java.base/java.util.ArrayList.forEach(ArrayList.java:1597)
at org.testng.TestRunner.privateRun(TestRunner.java:794)
at org.testng.TestRunner.run(TestRunner.java:596)
at org.testng.SuiteRunner.runTest(SuiteRunner.java:377)
at org.testng.SuiteRunner.runSequentially(SuiteRunner.java:371)
at org.testng.SuiteRunner.privateRun(SuiteRunner.java:332)
at org.testng.SuiteRunner.run(SuiteRunner.java:276)
at org.testng.SuiteRunnerWorker.runSuite(SuiteRunnerWorker.java:53)
at org.testng.SuiteRunnerWorker.run(SuiteRunnerWorker.java:96)
at org.testng.TestNG.runSuitesSequentially(TestNG.java:1212)
at org.testng.TestNG.runSuitesLocally(TestNG.java:1134)
at org.testng.TestNG.runSuites(TestNG.java:1063)
at org.testng.TestNG.run(TestNG.java:1031)
at org.testng.remote.AbstractRemoteTestNG.run(AbstractRemoteTestNG.java:115)
at org.testng.remote.RemoteTestNG.initAndRun(RemoteTestNG.java:293)
at org.testng.remote.RemoteTestNG.main(RemoteTestNG.java:91)
]]>
            </full-stacktrace>
          </exception> <!-- org.openqa.selenium.ElementClickInterceptedException -->
          <reporter-output>
          </reporter-output>
        </test-method> <!-- createCrcc -->
        <test-method is-config="true" signature="teardown(org.testng.ITestResult)[pri:0, instance:com.STL_TestCases.CreateCRCCTest@69e153c5]" started-at="2025-07-18T11:17:00 IST" name="teardown" finished-at="2025-07-18T11:17:04 IST" duration-ms="3859" status="PASS">
          <params>
            <param index="0">
              <value>
                <![CDATA[[TestResult name=createCrcc status=FAILURE method=CreateCRCCTest.createCrcc()[pri:0, instance:com.STL_TestCases.CreateCRCCTest@69e153c5] output={null}]]]>
              </value>
            </param>
          </params>
          <reporter-output>
          </reporter-output>
        </test-method> <!-- teardown -->
      </class> <!-- com.STL_TestCases.CreateCRCCTest -->
      <class name="com.STL_TestCases.LoginTest">
        <test-method is-config="true" signature="setup(java.lang.reflect.Method)[pri:0, instance:com.STL_TestCases.LoginTest@2cf3d63b]" started-at="2025-07-18T11:15:24 IST" name="setup" finished-at="2025-07-18T11:15:31 IST" duration-ms="7197" status="PASS">
          <params>
            <param index="0">
              <value>
                <![CDATA[public void com.STL_TestCases.LoginTest.verifyLogin()]]>
              </value>
            </param>
          </params>
          <reporter-output>
          </reporter-output>
        </test-method> <!-- setup -->
        <test-method signature="verifyLogin()[pri:0, instance:com.STL_TestCases.LoginTest@2cf3d63b]" started-at="2025-07-18T11:15:31 IST" name="verifyLogin" finished-at="2025-07-18T11:15:32 IST" duration-ms="929" status="PASS">
          <reporter-output>
          </reporter-output>
        </test-method> <!-- verifyLogin -->
        <test-method is-config="true" signature="teardown(org.testng.ITestResult)[pri:0, instance:com.STL_TestCases.LoginTest@2cf3d63b]" started-at="2025-07-18T11:15:32 IST" name="teardown" finished-at="2025-07-18T11:15:36 IST" duration-ms="4016" status="PASS">
          <params>
            <param index="0">
              <value>
                <![CDATA[[TestResult name=verifyLogin status=SUCCESS method=LoginTest.verifyLogin()[pri:0, instance:com.STL_TestCases.LoginTest@2cf3d63b] output={null}]]]>
              </value>
            </param>
          </params>
          <reporter-output>
          </reporter-output>
        </test-method> <!-- teardown -->
      </class> <!-- com.STL_TestCases.LoginTest -->
      <class name="com.STL_TestCases.NavigateToCRCCListTest">
        <test-method is-config="true" signature="setup(java.lang.reflect.Method)[pri:0, instance:com.STL_TestCases.NavigateToCRCCListTest@7674f035]" started-at="2025-07-18T11:15:36 IST" name="setup" finished-at="2025-07-18T11:15:42 IST" duration-ms="5817" status="PASS">
          <params>
            <param index="0">
              <value>
                <![CDATA[public void com.STL_TestCases.NavigateToCRCCListTest.navigateToCRCCListPage()]]>
              </value>
            </param>
          </params>
          <reporter-output>
          </reporter-output>
        </test-method> <!-- setup -->
        <test-method signature="navigateToCRCCListPage()[pri:0, instance:com.STL_TestCases.NavigateToCRCCListTest@7674f035]" started-at="2025-07-18T11:15:42 IST" name="navigateToCRCCListPage" finished-at="2025-07-18T11:15:46 IST" duration-ms="4018" status="PASS">
          <reporter-output>
          </reporter-output>
        </test-method> <!-- navigateToCRCCListPage -->
        <test-method is-config="true" signature="teardown(org.testng.ITestResult)[pri:0, instance:com.STL_TestCases.NavigateToCRCCListTest@7674f035]" started-at="2025-07-18T11:15:46 IST" name="teardown" finished-at="2025-07-18T11:15:49 IST" duration-ms="3456" status="PASS">
          <params>
            <param index="0">
              <value>
                <![CDATA[[TestResult name=navigateToCRCCListPage status=SUCCESS method=NavigateToCRCCListTest.navigateToCRCCListPage()[pri:0, instance:com.STL_TestCases.NavigateToCRCCListTest@7674f035] output={null}]]]>
              </value>
            </param>
          </params>
          <reporter-output>
          </reporter-output>
        </test-method> <!-- teardown -->
      </class> <!-- com.STL_TestCases.NavigateToCRCCListTest -->
    </test> <!-- Test -->
  </suite> <!-- Suite -->
</testng-results>
