<?xml version="1.0" encoding="UTF-8"?>
<!-- Generated by org.testng.reporters.JUnitXMLReporter -->
<testsuite ignored="0" hostname="DESKTOP-KMA5719" failures="0" tests="12" name="STL Tests" time="53.194" errors="0" timestamp="2025-05-23T18:14:05 IST">
  <testcase classname="com.STL_TestCases.RegisterTest" name="verifyRegisteringWithMandatoryFields" time="1.82"/>
  <testcase classname="com.STL_TestCases.RegisterTest" name="verifyRegisteringWithAllFields" time="1.738"/>
  <testcase classname="com.STL_TestCases.RegisterTest" name="verifyResisteringWithExistingEmail" time="1.192"/>
  <testcase classname="com.STL_TestCases.RegisterTest" name="verifyRegisteringAccountWithoutFillingAnyDetails" time="0.796"/>
  <testcase classname="com.STL_TestCases.LoginTest" name="loginWithValidCredential" time="1.268"/>
  <testcase classname="com.STL_TestCases.LoginTest" name="loginWithValidCredential" time="1.597"/>
  <testcase classname="com.STL_TestCases.LoginTest" name="loginWithValidCredential" time="1.263"/>
  <testcase classname="com.STL_TestCases.LoginTest" name="loginWithValidCredential" time="1.317"/>
  <testcase classname="com.STL_TestCases.LoginTest" name="loginWithInvalidCredential" time="1.035"/>
  <testcase classname="com.STL_TestCases.SearchTest" name="verifySearchWithValidProduct" time="0.588"/>
  <testcase classname="com.STL_TestCases.SearchTest" name="verifySearchWithInvalidProduct" time="0.478"/>
  <testcase classname="com.STL_TestCases.SearchTest" name="verifySearchWithoutAnyProduct" time="0.441"/>
</testsuite> <!-- STL Tests -->
